added manifest
adding: connectfour/(in = 0) (out= 0)(stored 0%)
adding: connectfour/Controller.class(in = 2458) (out= 1457)(deflated 40%)
adding: connectfour/LanguageManager.class(in = 3700) (out= 1907)(deflated 48%)
adding: connectfour/Main.class(in = 880) (out= 491)(deflated 44%)
adding: connectfour/Model.class(in = 2011) (out= 1149)(deflated 42%)
adding: connectfour/TimeKeeper.class(in = 2290) (out= 1063)(deflated 53%)
adding: connectfour/View$1.class(in = 1460) (out= 921)(deflated 36%)
adding: connectfour/View.class(in = 17274) (out= 8800)(deflated 49%)
adding: connectfour/connectfour/(in = 0) (out= 0)(stored 0%)
adding: connectfour/connectfour/Controller.class(in = 2237) (out= 1374)(deflated 38%)
adding: connectfour/connectfour/LanguageManager.class(in = 3178) (out= 1736)(deflated 45%)
adding: connectfour/connectfour/Main.class(in = 638) (out= 391)(deflated 38%)
adding: connectfour/connectfour/Model.class(in = 1613) (out= 956)(deflated 40%)
adding: connectfour/connectfour/TimeKeeper.class(in = 2051) (out= 949)(deflated 53%)
adding: connectfour/connectfour/View$1.class(in = 1255) (out= 794)(deflated 36%)
adding: connectfour/connectfour/View.class(in = 15752) (out= 8110)(deflated 48%)
adding: resources/(in = 0) (out= 0)(stored 0%)
adding: resources/arrow.png(in = 1577) (out= 1582)(deflated 0%)
adding: resources/black.png(in = 733) (out= 738)(deflated 0%)
adding: resources/blackPlayerV1.png(in = 5141) (out= 2594)(deflated 49%)
adding: resources/empty.png(in = 351) (out= 354)(deflated 0%)
adding: resources/red.png(in = 830) (out= 835)(deflated 0%)
adding: resources/redPlayerV1.png(in = 6335) (out= 3816)(deflated 39%)
