Loading source files for package connectfour...
Constructing Javadoc information...
Building index for all the packages and classes...
Standard Doclet version 17.0.5+8-LTS
Building tree for all the packages and classes...
Generating doc\connectfour\Controller.html...
Generating doc\connectfour\LanguageManager.html...
Generating doc\connectfour\Main.html...
Generating doc\connectfour\Model.html...
Generating doc\connectfour\TimeKeeper.html...
Generating doc\connectfour\View.html...
Generating doc\connectfour\package-summary.html...
Generating doc\connectfour\package-tree.html...
Generating doc\serialized-form.html...
Generating doc\overview-tree.html...
Building index for all classes...
Generating doc\allclasses-index.html...
Generating doc\allpackages-index.html...
Generating doc\index-all.html...
Generating doc\index.html...
Generating doc\help-doc.html...
